<?xml version="1.0" encoding="UTF-8"?>
<!-- Generated by org.testng.reporters.JUnitReportReporter -->
<testsuite hostname="SANDEEPINI" name="com.actitime.testscript.CustomerModule" tests="1" failures="0" timestamp="18 Dec 2021 07:09:14 GMT" time="0.034" errors="0">
  <testcase name="testCreateCustomer" time="0.034" classname="com.actitime.testscript.CustomerModule"/>
</testsuite> <!-- com.actitime.testscript.CustomerModule -->
